2020-09-02 09:05:59:559 info: GET / 200 11.881 ms - 14
2020-09-02 09:05:59:559 info: GET /favicon.ico 404 1.006 ms - 150
2020-09-02 09:06:01:61 info: GET /__webpack_hmr 404 0.587 ms - 152
2020-09-02 09:11:22:1122 info: GET / 304 4.435 ms - -
2020-09-02 09:11:28:1128 info: GET /__webpack_hmr 404 2.557 ms - 152
2020-09-02 09:17:42:1742 info: GET /__webpack_hmr 404 2.774 ms - 152
2020-09-02 09:17:42:1742 info: GET / 304 3.271 ms - -
2020-09-02 09:18:03:183 info: GET /__webpack_hmr 404 0.475 ms - 152
2020-09-02 09:18:24:1824 info: GET /__webpack_hmr 404 0.344 ms - 152
2020-09-02 09:18:50:1850 info: GET /__webpack_hmr 404 0.316 ms - 152
2020-09-02 09:19:10:1910 info: GET /__webpack_hmr 404 3.555 ms - 152
2020-09-02 09:19:15:1915 info: GET / 500 5.299 ms - 1555
2020-09-02 09:19:31:1931 info: GET /__webpack_hmr 404 3.620 ms - 152
2020-09-02 09:19:52:1952 info: GET /__webpack_hmr 404 0.571 ms - 152
2020-09-02 09:20:13:2013 info: GET /__webpack_hmr 404 0.470 ms - 152
2020-09-02 09:20:37:2037 info: GET /__webpack_hmr 404 0.536 ms - 152
2020-09-02 09:21:06:216 info: GET /__webpack_hmr 404 0.555 ms - 152
2020-09-02 09:21:36:2136 info: GET /__webpack_hmr 404 0.467 ms - 152
2020-09-02 09:22:05:225 info: GET /__webpack_hmr 404 0.652 ms - 152
2020-09-02 09:22:28:2228 info: GET /__webpack_hmr 404 0.245 ms - 152
2020-09-02 09:22:59:2259 info: GET /__webpack_hmr 404 0.321 ms - 152
2020-09-02 09:23:25:2325 info: GET /__webpack_hmr 404 0.309 ms - 152
2020-09-02 09:23:54:2354 info: GET /__webpack_hmr 404 0.365 ms - 152
2020-09-02 09:24:23:2423 info: GET /__webpack_hmr 404 0.310 ms - 152
2020-09-02 09:24:43:2443 info: GET /__webpack_hmr 404 3.884 ms - 152
2020-09-02 09:25:07:257 info: GET /__webpack_hmr 404 0.243 ms - 152
2020-09-02 09:25:33:2533 info: GET /__webpack_hmr 404 0.158 ms - 152
2020-09-02 09:25:54:2554 info: GET /__webpack_hmr 404 0.174 ms - 152
2020-09-02 09:26:20:2620 info: GET /__webpack_hmr 404 0.419 ms - 152
2020-09-02 09:26:41:2641 info: GET /__webpack_hmr 404 0.303 ms - 152
2020-09-02 09:27:01:271 info: GET /__webpack_hmr 404 0.484 ms - 152
2020-09-02 09:27:22:2722 info: GET /__webpack_hmr 404 0.651 ms - 152
2020-09-02 09:27:50:2750 info: GET /__webpack_hmr 404 0.300 ms - 152
2020-09-02 22:27:07:277 info: GET / 200 6.723 ms - 14
2020-09-02 22:27:13:2713 info: GET /error 500 0.624 ms - 69
2020-09-02 22:27:13:2713 info: GET /favicon.ico 404 1.185 ms - 150
2020-09-02 22:44:53:4453 info: GET / 304 3.172 ms - -
2020-09-02 22:45:05:455 info: GET /error 500 2.385 ms - 1252
2020-09-02 22:45:47:4547 info: GET /error 404 2.901 ms - 144
2020-09-02 23:01:47:147 info: hello
2020-09-02 23:01:50:150 info: GET /error 404 3.260 ms - 144
2020-09-02 23:01:52:152 info: GET / 304 1.603 ms - -
2020-09-02 23:02:03:23 info: Server is now running!
2020-09-02 23:02:05:25 info: Server is now running!
2020-09-02 23:02:09:29 info: Server is now running!!
2020-09-02 23:02:13:213 info: GET / 304 2.731 ms - -
2020-09-02 23:03:57:357 info: GET / 304 2.310 ms - -
2020-09-02 23:04:02:42 info: GET /error 500 2.918 ms - 1519
2020-09-02 23:04:51:451 info: GET /error 500 3.333 ms - 1519
2020-09-02 23:05:12:512 info: GET /error 500 3.619 ms - 1519
2020-09-02 23:05:56:556 info: GET /error 500 2.410 ms - 69
2020-09-02 23:06:47:647 info: GET /error 500 3.839 ms - 1519
2020-09-02 23:08:12:812 info: GET /error 500 3.824 ms - 1518
2020-09-02 23:08:26:826 info: GET /error 500 3.696 ms - 69
2020-09-02 23:08:41:841 info: GET /error 500 4.010 ms - 69
2020-09-02 23:09:35:935 error: Internal server error
2020-09-02 23:09:35:935 info: GET /error 500 2.900 ms - 69
2020-09-02 23:10:51:1051 error: Internal server error
2020-09-02 23:10:51:1051 info: GET /error 500 2.776 ms - 69
2020-09-02 23:11:03:113 info: GET / 304 0.609 ms - -
2020-09-03 10:06:29:629 info: GET /auth/dashboard 404 3.583 ms - 153
2020-09-03 10:35:37:3537 info: GET /__webpack_hmr 404 2.784 ms - 152
2020-09-03 10:35:58:3558 info: GET /__webpack_hmr 404 0.485 ms - 152
2020-09-03 10:36:19:3619 info: GET /__webpack_hmr 404 0.455 ms - 152
2020-09-03 10:36:24:3624 info: POST /todos 201 15.607 ms - 24
2020-09-03 10:36:40:3640 info: GET /__webpack_hmr 404 0.434 ms - 152
2020-09-03 10:37:08:378 info: GET /__webpack_hmr 404 3.274 ms - 152
2020-09-03 10:37:29:3729 info: GET /__webpack_hmr 404 3.701 ms - 152
2020-09-03 10:37:52:3752 info: GET /__webpack_hmr 404 3.916 ms - 152
2020-09-03 10:38:15:3815 info: GET /__webpack_hmr 404 0.496 ms - 152
2020-09-03 10:38:36:3836 info: GET /__webpack_hmr 404 0.485 ms - 152
2020-09-03 10:38:57:3857 info: GET /__webpack_hmr 404 3.909 ms - 152
2020-09-03 10:39:14:3914 info: POST /todos 201 11.452 ms - 24
2020-09-03 10:39:18:3918 info: GET /__webpack_hmr 404 0.574 ms - 152
2020-09-03 10:39:18:3918 error: Unexpected token / in JSON at position 3
2020-09-03 10:39:18:3918 info: POST /todos 400 2.739 ms - 88
2020-09-03 10:39:23:3923 error: Task name not found!
2020-09-03 10:39:23:3923 info: POST /todos 400 0.484 ms - 68
2020-09-03 10:39:39:3939 info: GET /__webpack_hmr 404 0.294 ms - 152
2020-09-03 10:40:00:400 info: GET /__webpack_hmr 404 3.948 ms - 152
2020-09-03 10:40:03:403 info: POST /todos 201 13.320 ms - 2
2020-09-03 10:40:21:4021 info: POST /todos 201 0.601 ms - 24
2020-09-03 10:40:21:4021 info: GET /__webpack_hmr 404 0.291 ms - 152
2020-09-03 10:40:43:4043 info: GET /__webpack_hmr 404 2.515 ms - 152
2020-09-03 10:40:43:4043 info: GET /44dfe8cc676882243911a3197a50169e.ttf 404 0.471 ms - 175
2020-09-03 10:40:43:4043 info: GET /7f690e503a254e0b8349aec0177e07aa.ttf 404 1.694 ms - 175
2020-09-03 10:41:03:413 info: GET /__webpack_hmr 404 0.586 ms - 152
2020-09-03 10:41:24:4124 info: GET /__webpack_hmr 404 0.564 ms - 152
2020-09-03 10:41:45:4145 info: GET /__webpack_hmr 404 0.639 ms - 152
2020-09-03 10:42:08:428 info: GET /__webpack_hmr 404 0.440 ms - 152
2020-09-03 10:42:29:4229 info: GET /__webpack_hmr 404 0.335 ms - 152
2020-09-03 10:42:50:4250 info: GET /__webpack_hmr 404 0.217 ms - 152
2020-09-03 10:43:11:4311 info: GET /__webpack_hmr 404 0.499 ms - 152
2020-09-03 10:43:32:4332 info: GET /__webpack_hmr 404 0.393 ms - 152
2020-09-03 10:43:53:4353 info: GET /__webpack_hmr 404 0.364 ms - 152
2020-09-03 10:44:14:4414 info: GET /__webpack_hmr 404 0.181 ms - 152
2020-09-03 10:44:37:4437 info: GET /__webpack_hmr 404 0.197 ms - 152
2020-09-03 10:45:06:456 info: GET /__webpack_hmr 404 0.356 ms - 152
2020-09-03 10:45:36:4536 info: GET /__webpack_hmr 404 0.302 ms - 152
2020-09-03 10:45:45:4545 info: GET /7f690e503a254e0b8349aec0177e07aa.ttf 404 0.239 ms - 175
2020-09-03 10:45:45:4545 info: GET /44dfe8cc676882243911a3197a50169e.ttf 404 0.193 ms - 175
2020-09-03 10:45:56:4556 info: GET /__webpack_hmr 404 0.487 ms - 152
2020-09-03 10:46:26:4626 info: GET /__webpack_hmr 404 0.252 ms - 152
2020-09-03 10:46:47:4647 info: GET /__webpack_hmr 404 0.467 ms - 152
2020-09-03 10:47:08:478 info: GET /__webpack_hmr 404 0.333 ms - 152
2020-09-03 10:47:29:4729 info: GET /__webpack_hmr 404 0.312 ms - 152
2020-09-03 10:47:50:4750 info: GET /__webpack_hmr 404 0.272 ms - 152
2020-09-03 10:48:11:4811 info: GET /__webpack_hmr 404 0.448 ms - 152
2020-09-03 10:48:32:4832 info: GET /__webpack_hmr 404 0.175 ms - 152
2020-09-03 10:48:56:4856 info: GET /__webpack_hmr 404 0.229 ms - 152
2020-09-03 10:49:17:4917 info: GET /__webpack_hmr 404 0.312 ms - 152
2020-09-03 10:49:38:4938 info: GET /__webpack_hmr 404 0.303 ms - 152
2020-09-03 10:49:59:4959 info: GET /__webpack_hmr 404 0.156 ms - 152
2020-09-03 10:50:20:5020 info: GET /__webpack_hmr 404 0.426 ms - 152
2020-09-03 10:50:41:5041 info: GET /__webpack_hmr 404 0.440 ms - 152
2020-09-03 10:51:05:515 info: GET /__webpack_hmr 404 0.197 ms - 152
2020-09-03 10:51:31:5131 info: GET /__webpack_hmr 404 0.213 ms - 152
2020-09-03 10:51:55:5155 info: GET /__webpack_hmr 404 0.274 ms - 152
2020-09-03 10:52:25:5225 info: GET /__webpack_hmr 404 0.164 ms - 152
2020-09-03 10:52:46:5246 info: GET /__webpack_hmr 404 0.218 ms - 152
2020-09-03 10:53:16:5316 info: GET /__webpack_hmr 404 0.320 ms - 152
2020-09-03 10:53:45:5345 info: GET /__webpack_hmr 404 0.200 ms - 152
2020-09-03 10:54:16:5416 info: GET /__webpack_hmr 404 0.339 ms - 152
2020-09-03 10:54:37:5437 info: GET /__webpack_hmr 404 0.184 ms - 152
2020-09-03 10:55:07:557 info: GET /__webpack_hmr 404 0.173 ms - 152
2020-09-03 10:55:37:5537 info: GET /__webpack_hmr 404 0.217 ms - 152
2020-09-03 10:56:04:564 info: GET /__webpack_hmr 404 0.217 ms - 152
2020-09-03 10:56:25:5625 info: GET /__webpack_hmr 404 0.189 ms - 152
2020-09-03 10:56:48:5648 info: GET /__webpack_hmr 404 0.265 ms - 152
2020-09-03 10:57:16:5716 info: GET /__webpack_hmr 404 0.203 ms - 152
2020-09-03 10:57:37:5737 info: GET /__webpack_hmr 404 0.177 ms - 152
2020-09-03 10:57:58:5758 info: GET /__webpack_hmr 404 0.206 ms - 152
2020-09-03 10:58:28:5828 info: GET /__webpack_hmr 404 0.181 ms - 152
2020-09-03 10:58:58:5858 info: GET /__webpack_hmr 404 0.183 ms - 152
2020-09-03 10:59:28:5928 info: GET /__webpack_hmr 404 0.168 ms - 152
2020-09-03 10:59:50:5950 info: GET /__webpack_hmr 404 0.193 ms - 152
2020-09-03 11:00:12:012 info: GET /__webpack_hmr 404 0.185 ms - 152
2020-09-03 11:00:42:042 info: GET /__webpack_hmr 404 0.177 ms - 152
2020-09-03 11:01:12:112 info: GET /__webpack_hmr 404 0.153 ms - 152
2020-09-03 11:01:37:137 info: GET /__webpack_hmr 404 0.178 ms - 152
2020-09-03 11:02:04:24 info: GET /__webpack_hmr 404 0.171 ms - 152
2020-09-03 11:02:34:234 info: GET /__webpack_hmr 404 0.167 ms - 152
2020-09-03 11:02:55:255 info: GET /__webpack_hmr 404 0.172 ms - 152
2020-09-03 11:03:25:325 info: GET /__webpack_hmr 404 0.185 ms - 152
2020-09-03 11:03:46:346 info: GET /__webpack_hmr 404 0.241 ms - 152
2020-09-03 11:04:16:416 info: GET /__webpack_hmr 404 0.203 ms - 152
2020-09-03 11:04:46:446 info: GET /__webpack_hmr 404 0.179 ms - 152
2020-09-03 11:05:13:513 info: GET /__webpack_hmr 404 0.165 ms - 152
2020-09-03 11:05:34:534 info: GET /__webpack_hmr 404 0.292 ms - 152
2020-09-03 11:05:55:555 info: GET /__webpack_hmr 404 0.507 ms - 152
2020-09-03 11:06:16:616 info: GET /__webpack_hmr 404 0.299 ms - 152
2020-09-03 11:06:37:637 info: GET /__webpack_hmr 404 0.159 ms - 152
2020-09-03 11:06:58:658 info: GET /__webpack_hmr 404 0.301 ms - 152
2020-09-03 11:07:19:719 info: GET /__webpack_hmr 404 0.293 ms - 152
2020-09-03 11:07:40:740 info: GET /__webpack_hmr 404 0.270 ms - 152
2020-09-03 11:08:04:84 info: GET /__webpack_hmr 404 0.190 ms - 152
2020-09-03 11:08:25:825 info: GET /__webpack_hmr 404 0.324 ms - 152
2020-09-03 11:08:46:846 info: GET /__webpack_hmr 404 0.157 ms - 152
2020-09-03 11:09:14:914 info: GET /__webpack_hmr 404 0.489 ms - 152
2020-09-03 11:09:40:940 info: GET /__webpack_hmr 404 0.335 ms - 152
2020-09-03 11:10:08:108 info: GET /__webpack_hmr 404 0.492 ms - 152
2020-09-03 11:10:29:1029 info: GET /__webpack_hmr 404 0.257 ms - 152
2020-09-03 11:10:50:1050 info: GET /__webpack_hmr 404 0.326 ms - 152
2020-09-03 11:11:11:1111 info: GET /__webpack_hmr 404 0.155 ms - 152
2020-09-03 11:11:37:1137 info: GET /__webpack_hmr 404 0.425 ms - 152
2020-09-03 11:11:59:1159 info: GET /__webpack_hmr 404 0.185 ms - 152
2020-09-03 11:12:20:1220 info: GET /__webpack_hmr 404 0.873 ms - 152
2020-09-03 11:12:41:1241 info: GET /__webpack_hmr 404 0.179 ms - 152
2020-09-03 11:13:04:134 info: GET /__webpack_hmr 404 0.286 ms - 152
2020-09-03 11:13:33:1333 info: GET /__webpack_hmr 404 0.271 ms - 152
2020-09-03 11:13:58:1358 info: GET /__webpack_hmr 404 0.181 ms - 152
2020-09-03 11:14:19:1419 info: GET /__webpack_hmr 404 0.168 ms - 152
2020-09-03 11:14:49:1449 info: GET /__webpack_hmr 404 0.175 ms - 152
2020-09-03 11:15:10:1510 info: GET /__webpack_hmr 404 0.167 ms - 152
2020-09-03 11:15:31:1531 info: GET /__webpack_hmr 404 0.174 ms - 152
2020-09-03 11:15:55:1555 info: GET /__webpack_hmr 404 0.159 ms - 152
2020-09-03 11:16:25:1625 info: GET /__webpack_hmr 404 0.166 ms - 152
2020-09-03 11:16:53:1653 info: GET /__webpack_hmr 404 0.170 ms - 152
2020-09-03 11:17:18:1718 info: GET /__webpack_hmr 404 0.174 ms - 152
2020-09-03 11:17:39:1739 info: GET /__webpack_hmr 404 0.334 ms - 152
2020-09-03 11:18:00:180 info: GET /__webpack_hmr 404 0.169 ms - 152
2020-09-03 11:18:21:1821 info: GET /__webpack_hmr 404 0.196 ms - 152
2020-09-03 11:18:48:1848 info: GET /__webpack_hmr 404 0.178 ms - 152
2020-09-03 11:19:09:199 info: GET /__webpack_hmr 404 0.184 ms - 152
2020-09-03 11:19:30:1930 info: GET /__webpack_hmr 404 0.261 ms - 152
2020-09-03 11:19:51:1951 info: GET /__webpack_hmr 404 2.299 ms - 152
2020-09-03 11:20:12:2012 info: GET /__webpack_hmr 404 0.268 ms - 152
2020-09-03 11:20:33:2033 info: GET /__webpack_hmr 404 0.280 ms - 152
2020-09-03 11:20:54:2054 info: GET /__webpack_hmr 404 0.217 ms - 152
2020-09-03 11:21:24:2124 info: GET /__webpack_hmr 404 0.236 ms - 152
2020-09-03 11:21:46:2146 info: GET /__webpack_hmr 404 0.271 ms - 152
2020-09-03 11:22:06:226 info: GET /__webpack_hmr 404 0.489 ms - 152
2020-09-03 11:22:36:2236 info: GET /__webpack_hmr 404 0.253 ms - 152
2020-09-03 11:23:00:230 info: GET /__webpack_hmr 404 0.251 ms - 152
2020-09-03 11:23:30:2330 info: GET /__webpack_hmr 404 0.212 ms - 152
2020-09-03 11:23:53:2353 info: GET /__webpack_hmr 404 0.225 ms - 152
2020-09-03 11:24:23:2423 info: GET /__webpack_hmr 404 0.405 ms - 152
2020-09-03 11:24:53:2453 info: GET /__webpack_hmr 404 0.217 ms - 152
2020-09-03 11:25:14:2514 info: GET /__webpack_hmr 404 0.179 ms - 152
2020-09-03 11:25:35:2535 info: GET /__webpack_hmr 404 0.213 ms - 152
2020-09-03 11:26:01:261 info: GET /__webpack_hmr 404 0.304 ms - 152
2020-09-03 11:26:22:2622 info: GET /__webpack_hmr 404 0.335 ms - 152
2020-09-03 11:26:43:2643 info: GET /__webpack_hmr 404 0.193 ms - 152
2020-09-03 11:27:04:274 info: GET /__webpack_hmr 404 0.204 ms - 152
2020-09-03 11:27:25:2725 info: GET /__webpack_hmr 404 0.197 ms - 152
2020-09-03 11:27:46:2746 info: GET /__webpack_hmr 404 0.177 ms - 152
2020-09-03 11:28:07:287 info: GET /__webpack_hmr 404 0.227 ms - 152
2020-09-03 11:28:28:2828 info: GET /__webpack_hmr 404 2.551 ms - 152
